task_min=2
task_mean=320
task_max=2254
task_p25=148
task_median=256
task_p75=428

plane_min=247
plane_mean=263
plane_max=275
plane_p25=247
plane_median=266
plane_p75=275

time=890.625
task_min=2
task_mean=320
task_max=2254
task_p25=148
task_median=256
task_p75=428

plane_min=247
plane_mean=263
plane_max=275
plane_p25=247
plane_median=266
plane_p75=275

time=828.125
plane_min=247
plane_max=275

sent_messages_min=2880.0
sent_messages_max=2880.0

received_messages_min=8640.0
received_messages_max=8640.0

plane_min=247
plane_max=275

sent_messages_min=2880.0
sent_messages_max=2880.0

received_messages_min=8640.0
received_messages_max=8640.0

plane_min=247
plane_max=275

sent_messages_min=2880.0
sent_messages_max=2880.0

received_messages_min=5760.0
received_messages_max=5760.0

