0.1
plane_min=61
plane_max=637

sent_messages_min=4006.0
sent_messages_max=4558.0

received_messages_min=839.0
received_messages_max=921.0

0.2
plane_min=94
plane_max=606

sent_messages_min=3908.0
sent_messages_max=4499.0

received_messages_min=1614.0
received_messages_max=1754.0

0.3
plane_min=122
plane_max=550

sent_messages_min=3720.0
sent_messages_max=4299.0

received_messages_min=2334.0
received_messages_max=2444.0

0.4
plane_min=145
plane_max=487

sent_messages_min=3595.0
sent_messages_max=4170.0

received_messages_min=2966.0
received_messages_max=3135.0

0.5
plane_min=170
plane_max=450

sent_messages_min=3518.0
sent_messages_max=4038.0

received_messages_min=3555.0
received_messages_max=3917.0

0.6
plane_min=190
plane_max=404

sent_messages_min=3425.0
sent_messages_max=3852.0

received_messages_min=4156.0
received_messages_max=4368.0

0.7
plane_min=244
plane_max=364

sent_messages_min=3402.0
sent_messages_max=3735.0

received_messages_min=4856.0
received_messages_max=5032.0

0.8
plane_min=296
plane_max=361

sent_messages_min=3266.0
sent_messages_max=3477.0

received_messages_min=5178.0
received_messages_max=5440.0

0.9
plane_min=314
plane_max=320

sent_messages_min=3129.0
sent_messages_max=3223.0

received_messages_min=5621.0
received_messages_max=5737.0

1
plane_min=247
plane_max=275

sent_messages_min=2880.0
sent_messages_max=2880.0

received_messages_min=5760.0
received_messages_max=5760.0

