H - 0.9
M - 0.5
L - 0.1

LL
plane_min=130
plane_max=428

sent_messages_min=3593.0
sent_messages_max=4122.0

received_messages_min=3689.0
received_messages_max=3953.0

LM
plane_min=144
plane_max=493

sent_messages_min=3580.0
sent_messages_max=4183.0

received_messages_min=2661.0
received_messages_max=2883.0

LH
plane_min=60
plane_max=635

sent_messages_min=4022.0
sent_messages_max=4558.0

received_messages_min=834.0
received_messages_max=893.0

ML
plane_min=212
plane_max=384

sent_messages_min=3475.0
sent_messages_max=3913.0

received_messages_min=4482.0
received_messages_max=4810.0

MM
plane_min=174
plane_max=461

sent_messages_min=3519.0
sent_messages_max=4036.0

received_messages_min=3606.0
received_messages_max=3819.0

MH
plane_min=78
plane_max=601

sent_messages_min=3913.0
sent_messages_max=4454.0

received_messages_min=1327.0
received_messages_max=1350.0

HL
plane_min=301
plane_max=322

sent_messages_min=3100.0
sent_messages_max=3193.0

received_messages_min=5574.0
received_messages_max=5690.0

HM
plane_min=288
plane_max=346

sent_messages_min=3166.0
sent_messages_max=3320.0

received_messages_min=5306.0
received_messages_max=5508.0

HH
plane_min=176
plane_max=450

sent_messages_min=3460.0
sent_messages_max=3891.0

received_messages_min=3616.0
received_messages_max=3984.0

